<?xml version="1.0" encoding="UTF-8"?>
<testsuite xmlns:xsi="http://www.w3.org/2001/XMLSchema-instance" xsi:schemaLocation="https://maven.apache.org/surefire/maven-surefire-plugin/xsd/surefire-test-report.xsd" name="com.mycompany.flooringmaster.daos.OrdersDaoFileImplTest" time="0.446" tests="8" errors="0" skipped="0" failures="0">
  <properties>
    <property name="java.runtime.name" value="OpenJDK Runtime Environment"/>
    <property name="java.vm.version" value="11.0.4+11"/>
    <property name="sun.boot.library.path" value="/Library/Java/JavaVirtualMachines/adoptopenjdk-11.jdk/Contents/Home/lib"/>
    <property name="gopherProxySet" value="false"/>
    <property name="maven.multiModuleProjectDirectory" value="/Users/mac/Desktop/java-mlps-0819-mikelee015/Summatives/Mastery Projects/FlooringMaster"/>
    <property name="java.vm.vendor" value="AdoptOpenJDK"/>
    <property name="java.vendor.url" value="https://adoptopenjdk.net/"/>
    <property name="guice.disable.misplaced.annotation.check" value="true"/>
    <property name="path.separator" value=":"/>
    <property name="java.vm.name" value="OpenJDK 64-Bit Server VM"/>
    <property name="sun.os.patch.level" value="unknown"/>
    <property name="user.country" value="US"/>
    <property name="sun.java.launcher" value="SUN_STANDARD"/>
    <property name="java.vm.specification.name" value="Java Virtual Machine Specification"/>
    <property name="user.dir" value="/Users/mac/Desktop/java-mlps-0819-mikelee015/Summatives/Mastery Projects/FlooringMaster"/>
    <property name="java.vm.compressedOopsMode" value="Zero based"/>
    <property name="java.runtime.version" value="11.0.4+11"/>
    <property name="java.awt.graphicsenv" value="sun.awt.CGraphicsEnvironment"/>
    <property name="os.arch" value="x86_64"/>
    <property name="java.io.tmpdir" value="/var/folders/8c/pg4kskz152192txz8cbpwt200000gn/T/"/>
    <property name="line.separator" value="&#10;"/>
    <property name="java.vm.specification.vendor" value="Oracle Corporation"/>
    <property name="os.name" value="Mac OS X"/>
    <property name="maven.ext.class.path" value="/Applications/NetBeans/Apache NetBeans 11.1.app/Contents/Resources/NetBeans/java/maven-nblib/netbeans-eventspy.jar"/>
    <property name="classworlds.conf" value="/Applications/NetBeans/Apache NetBeans 11.1.app/Contents/Resources/NetBeans/java/maven/bin/m2.conf"/>
    <property name="sun.jnu.encoding" value="UTF-8"/>
    <property name="java.library.path" value="/Users/mac/Library/Java/Extensions:/Library/Java/Extensions:/Network/Library/Java/Extensions:/System/Library/Java/Extensions:/usr/lib/java:."/>
    <property name="jdk.debug" value="release"/>
    <property name="java.class.version" value="55.0"/>
    <property name="java.specification.name" value="Java Platform API Specification"/>
    <property name="sun.management.compiler" value="HotSpot 64-Bit Tiered Compilers"/>
    <property name="os.version" value="10.13.6"/>
    <property name="http.nonProxyHosts" value="local|*.local|169.254/16|*.169.254/16"/>
    <property name="user.home" value="/Users/mac"/>
    <property name="user.timezone" value="America/Chicago"/>
    <property name="java.awt.printerjob" value="sun.lwawt.macosx.CPrinterJob"/>
    <property name="file.encoding" value="UTF-8"/>
    <property name="java.specification.version" value="11"/>
    <property name="user.name" value="mac"/>
    <property name="java.class.path" value="/Applications/NetBeans/Apache NetBeans 11.1.app/Contents/Resources/NetBeans/java/maven/boot/plexus-classworlds-2.5.2.jar"/>
    <property name="java.vm.specification.version" value="11"/>
    <property name="sun.arch.data.model" value="64"/>
    <property name="sun.java.command" value="org.codehaus.plexus.classworlds.launcher.Launcher -Dmaven.ext.class.path=/Applications/NetBeans/Apache NetBeans 11.1.app/Contents/Resources/NetBeans/java/maven-nblib/netbeans-eventspy.jar clean install"/>
    <property name="java.home" value="/Library/Java/JavaVirtualMachines/adoptopenjdk-11.jdk/Contents/Home"/>
    <property name="user.language" value="en"/>
    <property name="java.specification.vendor" value="Oracle Corporation"/>
    <property name="awt.toolkit" value="sun.lwawt.macosx.LWCToolkit"/>
    <property name="java.vm.info" value="mixed mode"/>
    <property name="java.version" value="11.0.4"/>
    <property name="java.vendor" value="AdoptOpenJDK"/>
    <property name="maven.home" value="/Applications/NetBeans/Apache NetBeans 11.1.app/Contents/Resources/NetBeans/java/maven"/>
    <property name="file.separator" value="/"/>
    <property name="java.version.date" value="2019-07-16"/>
    <property name="java.vendor.url.bug" value="https://github.com/AdoptOpenJDK/openjdk-build/issues"/>
    <property name="sun.io.unicode.encoding" value="UnicodeBig"/>
    <property name="sun.cpu.endian" value="little"/>
    <property name="java.vendor.version" value="AdoptOpenJDK"/>
    <property name="socksNonProxyHosts" value="local|*.local|169.254/16|*.169.254/16"/>
    <property name="ftp.nonProxyHosts" value="local|*.local|169.254/16|*.169.254/16"/>
    <property name="sun.cpu.isalist" value=""/>
  </properties>
  <testcase name="testAddOrderGoldenPath" classname="com.mycompany.flooringmaster.daos.OrdersDaoFileImplTest" time="0.325"/>
  <testcase name="testRemoveGoldenPath" classname="com.mycompany.flooringmaster.daos.OrdersDaoFileImplTest" time="0.019"/>
  <testcase name="testEditOrderGoldenPath" classname="com.mycompany.flooringmaster.daos.OrdersDaoFileImplTest" time="0.015"/>
  <testcase name="testGetOrdersByDateNoOrders" classname="com.mycompany.flooringmaster.daos.OrdersDaoFileImplTest" time="0.005"/>
  <testcase name="testGetOrdersByDateGolenPath" classname="com.mycompany.flooringmaster.daos.OrdersDaoFileImplTest" time="0.011"/>
  <testcase name="testEditNullOrder" classname="com.mycompany.flooringmaster.daos.OrdersDaoFileImplTest" time="0.018"/>
  <testcase name="testGetOrdersByDateNullDate" classname="com.mycompany.flooringmaster.daos.OrdersDaoFileImplTest" time="0.023"/>
  <testcase name="testAddOrderNullInput" classname="com.mycompany.flooringmaster.daos.OrdersDaoFileImplTest" time="0.007"/>
</testsuite>